<?xml version="1.0" encoding="UTF-8"?>
<testng-results ignored="0" total="1" passed="1" failed="0" skipped="0">
  <reporter-output>
  </reporter-output>
  <suite started-at="2026-01-14T15:26:31 IST" name="Surefire suite" finished-at="2026-01-14T15:27:11 IST" duration-ms="39392">
    <groups>
      <group name="cucumber">
        <method signature="AbstractTestNGCucumberTests.runScenario(io.cucumber.testng.PickleWrapper,io.cucumber.testng.FeatureWrapper)[pri:0, instance:runner.TestRunner@5d7148e2]" name="runScenario" class="io.cucumber.testng.AbstractTestNGCucumberTests"/>
      </group> <!-- cucumber -->
    </groups>
    <test started-at="2026-01-14T15:26:31 IST" name="Surefire test" finished-at="2026-01-14T15:27:11 IST" duration-ms="39392">
      <class name="runner.TestRunner">
        <test-method is-config="true" signature="setUpClass(org.testng.ITestContext)[pri:0, instance:runner.TestRunner@5d7148e2]" started-at="2026-01-14T15:26:31 IST" name="setUpClass" finished-at="2026-01-14T15:26:32 IST" duration-ms="576" status="PASS">
          <params>
            <param index="0">
              <value>
                <![CDATA[org.testng.TestRunner@158ae284]]>
              </value>
            </param>
          </params>
          <reporter-output>
          </reporter-output>
        </test-method> <!-- setUpClass -->
        <test-method signature="runScenario(io.cucumber.testng.PickleWrapper,io.cucumber.testng.FeatureWrapper)[pri:0, instance:runner.TestRunner@5d7148e2]" started-at="2026-01-14T15:26:32 IST" name="runScenario" description="Runs Cucumber Scenarios" data-provider="scenarios" finished-at="2026-01-14T15:27:11 IST" duration-ms="38650" status="PASS">
          <params>
            <param index="0">
              <value>
                <![CDATA["User signs up, logs in and logs out successfully"]]>
              </value>
            </param>
            <param index="1">
              <value>
                <![CDATA["Signup and Login Flow"]]>
              </value>
            </param>
          </params>
          <reporter-output>
          </reporter-output>
        </test-method> <!-- runScenario -->
        <test-method is-config="true" signature="tearDownClass()[pri:0, instance:runner.TestRunner@5d7148e2]" started-at="2026-01-14T15:27:11 IST" name="tearDownClass" finished-at="2026-01-14T15:27:11 IST" duration-ms="110" status="PASS">
          <reporter-output>
          </reporter-output>
        </test-method> <!-- tearDownClass -->
      </class> <!-- runner.TestRunner -->
    </test> <!-- Surefire test -->
  </suite> <!-- Surefire suite -->
</testng-results>
